<?xml version="1.0" encoding="UTF-8"?><testrun name="Runner" project="exemploCucumber" tests="1" started="1" failures="0" errors="1" ignored="0">
  <testsuite name="steps.Runner" time="10.236">
    <testsuite name="Testes exemplo Cucumber" time="10.236">
      <testcase name="Teste cucumber Amazon" classname="Testes exemplo Cucumber" time="10.236">
        <error>org.openqa.selenium.NoSuchElementException: Unable to find element with locator By.xpath: //span[contains(text(),'Apple iPhone 13 (128 GB) - Meia-noite')]
For documentation on this error, please visit: https://selenium.dev/exceptions/#no_such_element
Build info: version: '4.4.0', revision: 'e5c75ed026a'
System info: host: 'DESIGNER002', ip: '192.168.202.2', os.name: 'Windows 10', os.arch: 'amd64', os.version: '10.0', java.version: '18.0.1'
Driver info: driver.version: RemoteWebDriver&#13;
	at org.openqa.selenium.remote.ElementLocation$ElementFinder$2.findElement(ElementLocation.java:165)&#13;
	at org.openqa.selenium.remote.ElementLocation.findElement(ElementLocation.java:60)&#13;
	at org.openqa.selenium.remote.RemoteWebDriver.findElement(RemoteWebDriver.java:365)&#13;
	at org.openqa.selenium.remote.RemoteWebDriver.findElement(RemoteWebDriver.java:357)&#13;
	at pages.ResultadoBuscaPage.clicarProduto(ResultadoBuscaPage.java:18)&#13;
	at steps.StepsAmazon.vou_verificar_se_o_valor_esta_acima_de(StepsAmazon.java:54)&#13;
	at ✽.vou verificar se o valor está acima de "R$ 5.560,00"(file:///C:/Users/mneres/Cucumber/exemploCucumber/src/test/resources/feature/exemploCucumber.feature:7)&#13;
&#13;
</error>
      </testcase>
    </testsuite>
  </testsuite>
</testrun>
